Arguments: 
  /usr/local/bin/node /usr/local/Cellar/yarn/1.22.11/libexec/bin/yarn.js init -y

PATH: 
  /Users/hesanam/.rvm/gems/ruby-2.6.6/bin:/Users/hesanam/.rvm/gems/ruby-2.6.6@global/bin:/Users/hesanam/.rvm/rubies/ruby-2.6.6/bin:/usr/local/opt/curl-openssl/bin:/usr/local/bin:/usr/bin:/bin:/usr/sbin:/sbin:/usr/local/go/bin:/usr/local/share/dotnet:~/.dotnet/tools:/Library/Apple/usr/bin:/Library/Frameworks/Mono.framework/Versions/Current/Commands:/Users/hesanam/.rvm/gems/ruby-2.6.6/bin:/Users/hesanam/.rvm/gems/ruby-2.6.6@global/bin:/Users/hesanam/.rvm/rubies/ruby-2.6.6/bin:/usr/local/opt/curl-openssl/bin:/Users/hesanam/.rvm/bin

Yarn version: 
  1.22.11

Node version: 
  14.17.4

Platform: 
  darwin x64

Trace: 
  SyntaxError: /Users/hesanam/Projects/u-pack/uutils/package.json: Unexpected end of JSON input
      at JSON.parse (<anonymous>)
      at /usr/local/Cellar/yarn/1.22.11/libexec/lib/cli.js:1625:59
      at Generator.next (<anonymous>)
      at step (/usr/local/Cellar/yarn/1.22.11/libexec/lib/cli.js:310:30)
      at /usr/local/Cellar/yarn/1.22.11/libexec/lib/cli.js:321:13

npm manifest: 
  

yarn manifest: 
  No manifest

Lockfile: 
  No lockfile
